{"contracts/HotelKamer.sol":{"l":{"17":3,"18":3,"22":5,"23":3,"26":3,"27":1,"31":4,"35":4,"39":4,"48":1},"path":"/Users/renaatmeeuws/Dev/Ethereum/Truffle/Hotel/contracts/HotelKamer.sol","s":{"1":3,"2":3,"3":5,"4":3,"5":4,"6":4,"7":4,"8":1},"b":{"1":[3,2],"2":[1,2]},"f":{"1":3,"2":5,"3":3,"4":4,"5":4,"6":4,"7":1},"fnMap":{"1":{"name":"constructor","line":16,"loc":{"start":{"line":16,"column":4},"end":{"line":19,"column":4}}},"2":{"name":"BetalingHogerDanPrijs","line":21,"loc":{"start":{"line":21,"column":4},"end":{"line":24,"column":4}}},"3":{"name":"KamerMoetVrijZijn","line":25,"loc":{"start":{"line":25,"column":4},"end":{"line":28,"column":4}}},"4":{"name":"ZetPrijs","line":30,"loc":{"start":{"line":30,"column":4},"end":{"line":32,"column":4}}},"5":{"name":"ZetGeboekt","line":34,"loc":{"start":{"line":34,"column":4},"end":{"line":36,"column":4}}},"6":{"name":"ZetVrij","line":38,"loc":{"start":{"line":38,"column":4},"end":{"line":40,"column":4}}},"7":{"name":"MaakBoeking","line":46,"loc":{"start":{"line":42,"column":4},"end":{"line":50,"column":4}}}},"statementMap":{"1":{"start":{"line":17,"column":8},"end":{"line":17,"column":38}},"2":{"start":{"line":18,"column":8},"end":{"line":18,"column":30}},"3":{"start":{"line":22,"column":8},"end":{"line":22,"column":75}},"4":{"start":{"line":26,"column":8},"end":{"line":26,"column":70}},"5":{"start":{"line":31,"column":8},"end":{"line":31,"column":27}},"6":{"start":{"line":35,"column":8},"end":{"line":35,"column":41}},"7":{"start":{"line":39,"column":8},"end":{"line":39,"column":38}},"8":{"start":{"line":48,"column":8},"end":{"line":48,"column":41}}},"branchMap":{"1":{"line":22,"type":"if","locations":[{"start":{"line":22,"column":8},"end":{"line":22,"column":8}},{"start":{"line":22,"column":8},"end":{"line":22,"column":8}}]},"2":{"line":26,"type":"if","locations":[{"start":{"line":26,"column":8},"end":{"line":26,"column":8}},{"start":{"line":26,"column":8},"end":{"line":26,"column":8}}]}}}}